//-------------------------- 3/12/2017 -- 11:33:51 -----
Processor Init:
   AMD Phenom, ~3.01 Ghz
   FPU detected
   MMX detected
   3DNow detected
   SSE detected
   SSE2 detected
   MP detected [2 cores, 2 logical, 1 physical]
 
Math Init:
   Installing Standard C extensions
   Installing Assembly extensions
   Installing FPU extensions
   Installing MMX extensions
   Installing 3DNow extensions
   Installing SSE extensions
 
Initializing platform...
Input Init:
   keyboard0 input device created.
   mouse0 input device created.
   DirectInput enabled.

Done
DebugDrawer Enabled!
GFX Init:
   Null device found
   Direct 3D (version 9.x) device found

GFXStringEnumTranslate: Unassigned value in GFXStringTextureFormat: 22
GFXStringEnumTranslate: Unassigned value in GFXStringTextureFormat: 23
Console trace disabled.

--------- Parsing Arguments ---------
Attempting to create GFX device: NVIDIA GeForce GTS 250 (D3D9) [\\.\DISPLAY1]
Device created, setting adapter and enumerating modes
   Cur. D3DDevice ref count=1
   Pix version detected: 3.000000
   Vert version detected: 3.000000
   Maximum number of simultaneous samplers: 16
   Number of simultaneous render targets: 4
   Hardware occlusion query detected: Yes
   Using Direct3D9Ex: No
Initializing GFXCardProfiler (D3D9)
   o Chipset : ''
   o Card    : ''
   o Version : ''
   o VRAM    : 0 MB
   - Scanning card capabilities...
GFXCardProfiler (D3D9) - Setting capability 'autoMipMapLevel' to 1.
GFXCardProfiler (D3D9) - Setting capability 'maxTextureWidth' to 8192.
GFXCardProfiler (D3D9) - Setting capability 'maxTextureHeight' to 8192.
GFXCardProfiler (D3D9) - Setting capability 'maxTextureSize' to 8192.
GFXCardProfiler (D3D9) - Setting capability 'lerpDetailBlend' to 1.
GFXCardProfiler (D3D9) - Setting capability 'fourStageDetailBlend' to 1.
GFXCardProfiler (D3D9) - Setting capability 'independentMrtBitDepth' to 1.
   - Loading card profiles...
      - Loaded card profile core/gfxprofile/D3D9.cs
      - No card profile core/gfxprofile/D3D9..cs exists
      - No card profile core/gfxprofile/D3D9...cs exists
      - No card profile core/gfxprofile/D3D9....cs exists
Win32Window::WindowProc - resetting device due to window size change.
GFXPCD3D9Device::reset - depthstencil 77f720 has 2 ref's
--- Resetting D3D Device ---
[Win32FileSystemChangeNotifier::internalAddNotification] : failed on [C:\SharpShooter\Kurt\????s] [123]
--------------
Attempting to set resolution to "1024 768 False 32 60 4"
Accepted Mode: 
--Resolution : 1024 768
--Full Screen : No 
--Bits Per Pixel : 32 
--Refresh Rate : 60 
--FSAA Level : 4 
--------------
GFXPCD3D9Device::reset - depthstencil 77f7c0 has 2 ref's
--- Resetting D3D Device ---
GFXPCD3D9Device::reset - depthstencil 77f7c0 has 2 ref's
--- Resetting D3D Device ---

sfxStartup...
SFXSystem::createDevice - created Null device 'SFX Null Device'
   Provider: Null
   Device: SFX Null Device
   Hardware: No
   Buffers: 268435456
 
Binding server port to default IP
UDP initialized on port 0
--------------------------------------------------------------------------------
Module Manager: Started scanning 'C:/SharpShooter/Kurt/data'...
Module Manager: Registering: 'C:/SharpShooter/Kurt/data/clientServer/ClientServer.module' [ ID='ClientServer', VersionId='1', BuildId='0', Description='Default module for the game.' ].
Module Manager: Registering: 'C:/SharpShooter/Kurt/data/postFX/postFX.module' [ ID='PostFX', VersionId='1', BuildId='0', Description='Default PostFX elements' ].
Module Manager: Registering: 'C:/SharpShooter/Kurt/data/spectatorGameplay/SpectatorGameplay.module' [ ID='SpectatorGameplay', VersionId='1', BuildId='0', Description='Default module for the game.' ].
Module Manager: Registering: 'C:/SharpShooter/Kurt/data/ui/UI.module' [ ID='UI', VersionId='1', BuildId='0', Description='Module that implements the menus for the game.' ].
Module Manager: Finished scanning 'C:/SharpShooter/Kurt/data'.
--------------------------------------------------------------------------------
Module Manager: Loading group 'Game':
Module Manager: Group 'Game' and its dependencies is comprised of the following '4' module(s):
> module Id 'ClientServer' at version Id '1':
> module Id 'PostFX' at version Id '1':
> module Id 'UI' at version Id '1':
> module Id 'SpectatorGameplay' at version Id '1':
--------------------------------------------------------------------------------
Module Manager: Loading group 'Game' : module Id 'ClientServer' at version Id '1' in group 'Game' using the script file ''.

--------- Initializing Directory: scripts ---------

--------- Initializing BaseGame: Server Scripts ---------
C:/Users/Homer/Documents

--------- Initializing BaseGame: Client Scripts ---------
C:/Users/Homer/Documents
--------------------------------------------------------------------------------
Module Manager: Loading group 'Game' : module Id 'PostFX' at version Id '1' in group 'Game' using the script file 'C:/SharpShooter/Kurt/data/postFX/postFX.cs'.

--------- Initializing PostFX Directory: scripts ---------
--------------------------------------------------------------------------------
Module Manager: Loading group 'Game' : module Id 'UI' at version Id '1' in group 'Game' using the script file 'C:/SharpShooter/Kurt/data/ui/UI.cs'.
--------------
Attempting to set resolution to "1024 768 False 32 60 4"
Accepted Mode: 
--Resolution : 1024 768
--Full Screen : No 
--Bits Per Pixel : 32 
--Refresh Rate : 60 
--FSAA Level : 4 
--------------
GFXPCD3D9Device::reset - depthstencil 77f7c0 has 2 ref's
--- Resetting D3D Device ---
GFXPCD3D9Device::reset - depthstencil 72dd6e0 has 2 ref's
--- Resetting D3D Device ---
Missing file: tools/gui/profiles.ed.cs!
--------------------------------------------------------------------------------
Module Manager: Loading group 'Game' : module Id 'SpectatorGameplay' at version Id '1' in group 'Game' using the script file ''.
C:/Users/Homer/Documents
--------------------------------------------------------------------------------
Module Manager: Finish loading '4' module(s) for group 'Game'.
--------------------------------------------------------------------------------

Initializing Lighting Systems
--------------
Attempting to set resolution to "1024 768 False 32 60 4"
Accepted Mode: 
--Resolution : 1024 768
--Full Screen : No 
--Bits Per Pixel : 32 
--Refresh Rate : 60 
--FSAA Level : 4 
--------------
GFXPCD3D9Device::reset - depthstencil 72dda00 has 2 ref's
--- Resetting D3D Device ---
GFXPCD3D9Device::reset - depthstencil 72ddaa0 has 2 ref's
--- Resetting D3D Device ---
parse error
AntiAliasing has been disabled; it is not compatible with AdvancedLighting.
Exporting server prefs...
TSShape::addNode: ColBox-1 already exists!
TSShape::addNode: ColBox-1 already exists!
TSShape::addNode: ColSphere-1 already exists!
TSShape::addNode: ColCapsule-1 already exists!
TSShape::addNode: ColCapsule-1 already exists!
TSShape::addNode: ColBox-1 already exists!
TSShape::addNode: ColBox-1 already exists!
TSShape::addNode: ColSphere-1 already exists!
TSShape::addNode: ColCapsule-1 already exists!
TSShape::addNode: ColBox-1 already exists!
Warning: shape data/spectatorGameplay/art/GameShapes/player.dts collision detail 0 (Collision-1) bounds exceed that of shape.
Warning: shape data/spectatorGameplay/art/GameShapes/player.dts collision detail 0 (Collision-1) bounds exceed that of shape.
Warning: shape data/spectatorGameplay/art/GameShapes/player.dts collision detail 0 (Collision-1) bounds exceed that of shape.
*** LOADING MISSION: data/spectatorGameplay/levels/Empty_Room.mis
*** Stage 1 load
*** Stage 2 load
*** Mission loaded
Connection established 17447
CADD: 17448 local
*** Sending mission load to client: data/spectatorGameplay/levels/Empty_Room.mis
Window focus status changed: focus: 1
Mapping string: ServerMessage to index: 0
Mapping string: MsgConnectionError to index: 1
Mapping string: MsgLoadInfo to index: 2
Mapping string: MsgLoadDescription to index: 3
Mapping string: MsgLoadInfoDone to index: 4
Mapping string: MissionStartPhase1 to index: 5
*** New Mission: data/spectatorGameplay/levels/Empty_Room.mis
*** Phase 1: Download Datablocks & Targets
Mapping string: MissionStartPhase1Ack to index: 0
Warning: shape data/spectatorGameplay/art/GameShapes/player.dts collision detail 1 (Collision-1) bounds exceed that of shape.
Warning: shape data/spectatorGameplay/art/GameShapes/player.dts collision detail 1 (Collision-1) bounds exceed that of shape.
Warning: shape data/spectatorGameplay/art/GameShapes/player.dts collision detail 1 (Collision-1) bounds exceed that of shape.
Mapping string: MissionStartPhase2 to index: 6
*** Phase 2: Download Ghost Objects
Mapping string: MissionStartPhase2Ack to index: 1
[Material::mapMaterial] - Cannot map unnamed Material
Ghost Always objects received.
Mapping string: MissionStartPhase3 to index: 7
Client Replication Startup has Happened!
fxFoliageReplicator - replicated client foliage for 0 objects
*** Phase 3: Mission Lighting
Mission lighting done
Mapping string: MissionStartPhase3Ack to index: 2
Mapping string: MissionStart to index: 8
*** Initial Control Object
Activating DirectInput...
*** Control Object Changed
Mapping string: PlayerTexture=darkgreen_PlayerTexture to index: 9
Mapping string: PlayerTexture=blue_PlayerTexture to index: 10
*** MISSION RESET
*** MISSION RESET
*** MISSION RESET
*** MISSION RESET
*** MISSION RESET
*** MISSION RESET
*** MISSION RESET
*** MISSION RESET
*** MISSION RESET
*** MISSION RESET
*** MISSION RESET
*** MISSION RESET
*** MISSION RESET
*** MISSION RESET
*** MISSION RESET
*** MISSION RESET
*** MISSION RESET
*** MISSION RESET
*** ENDING MISSION
Exporting server prefs...
Module Manager: Cannot unload explicit module Id 'Game' as it does not exist.
--------------------------------------------------------------------------------
Module Manager: Unloading group 'Game':
--------------------------------------------------------------------------------
Module Manager: Unload group 'Game' with module Id 'SpectatorGameplay' at version Id '1' in group 'Game'.
--------------------------------------------------------------------------------
Module Manager: Unload group 'Game' with module Id 'UI' at version Id '1' in group 'Game'.
--------------------------------------------------------------------------------
Module Manager: Unload group 'Game' with module Id 'PostFX' at version Id '1' in group 'Game'.
--------------------------------------------------------------------------------
Module Manager: Unload group 'Game' with module Id 'ClientServer' at version Id '1' in group 'Game'.
Exporting server prefs...
Exporting client prefs
C:/Users/Homer/Documents
Exporting server prefs
parse error
--------------------------------------------------------------------------------
Module Manager: Finish unloading '4' module(s) for group 'Game'.
